{"C:\\Users\\Siph9\\source\\repos\\LEARNIHON\\src\\model\\kanji.ts": {"path":"C:\\Users\\Siph9\\source\\repos\\LEARNIHON\\src\\model\\kanji.ts","statementMap":{"0":{"start":{"line":24,"column":8},"end":{"line":24,"column":36}},"1":{"start":{"line":25,"column":8},"end":{"line":25,"column":32}},"2":{"start":{"line":26,"column":8},"end":{"line":26,"column":28}},"3":{"start":{"line":27,"column":8},"end":{"line":27,"column":36}},"4":{"start":{"line":28,"column":8},"end":{"line":28,"column":32}},"5":{"start":{"line":29,"column":8},"end":{"line":29,"column":30}},"6":{"start":{"line":30,"column":8},"end":{"line":30,"column":32}},"7":{"start":{"line":31,"column":8},"end":{"line":31,"column":32}},"8":{"start":{"line":32,"column":8},"end":{"line":32,"column":34}},"9":{"start":{"line":36,"column":8},"end":{"line":36,"column":31}},"10":{"start":{"line":40,"column":8},"end":{"line":40,"column":29}},"11":{"start":{"line":44,"column":8},"end":{"line":44,"column":27}},"12":{"start":{"line":48,"column":8},"end":{"line":48,"column":31}},"13":{"start":{"line":52,"column":8},"end":{"line":52,"column":29}},"14":{"start":{"line":56,"column":8},"end":{"line":56,"column":28}},"15":{"start":{"line":60,"column":8},"end":{"line":60,"column":29}},"16":{"start":{"line":64,"column":8},"end":{"line":64,"column":29}},"17":{"start":{"line":68,"column":8},"end":{"line":68,"column":30}},"18":{"start":{"line":72,"column":8},"end":{"line":82,"column":10}}},"fnMap":{"0":{"name":"(anonymous_0)","decl":{"start":{"line":18,"column":4},"end":{"line":18,"column":5}},"loc":{"start":{"line":23,"column":6},"end":{"line":33,"column":5}},"line":23},"1":{"name":"(anonymous_1)","decl":{"start":{"line":35,"column":4},"end":{"line":35,"column":5}},"loc":{"start":{"line":35,"column":28},"end":{"line":37,"column":5}},"line":35},"2":{"name":"(anonymous_2)","decl":{"start":{"line":39,"column":4},"end":{"line":39,"column":5}},"loc":{"start":{"line":39,"column":26},"end":{"line":41,"column":5}},"line":39},"3":{"name":"(anonymous_3)","decl":{"start":{"line":43,"column":4},"end":{"line":43,"column":5}},"loc":{"start":{"line":43,"column":24},"end":{"line":45,"column":5}},"line":43},"4":{"name":"(anonymous_4)","decl":{"start":{"line":47,"column":4},"end":{"line":47,"column":5}},"loc":{"start":{"line":47,"column":28},"end":{"line":49,"column":5}},"line":47},"5":{"name":"(anonymous_5)","decl":{"start":{"line":51,"column":4},"end":{"line":51,"column":5}},"loc":{"start":{"line":51,"column":26},"end":{"line":53,"column":5}},"line":51},"6":{"name":"(anonymous_6)","decl":{"start":{"line":55,"column":4},"end":{"line":55,"column":5}},"loc":{"start":{"line":55,"column":25},"end":{"line":57,"column":5}},"line":55},"7":{"name":"(anonymous_7)","decl":{"start":{"line":59,"column":4},"end":{"line":59,"column":5}},"loc":{"start":{"line":59,"column":26},"end":{"line":61,"column":5}},"line":59},"8":{"name":"(anonymous_8)","decl":{"start":{"line":63,"column":4},"end":{"line":63,"column":5}},"loc":{"start":{"line":63,"column":59},"end":{"line":65,"column":5}},"line":63},"9":{"name":"(anonymous_9)","decl":{"start":{"line":67,"column":4},"end":{"line":67,"column":5}},"loc":{"start":{"line":67,"column":60},"end":{"line":69,"column":5}},"line":67},"10":{"name":"(anonymous_10)","decl":{"start":{"line":71,"column":4},"end":{"line":71,"column":5}},"loc":{"start":{"line":71,"column":15},"end":{"line":83,"column":5}},"line":71}},"branchMap":{},"s":{"0":8,"1":8,"2":8,"3":8,"4":8,"5":8,"6":8,"7":8,"8":8,"9":0,"10":0,"11":0,"12":0,"13":0,"14":0,"15":2,"16":0,"17":0,"18":2},"f":{"0":8,"1":0,"2":0,"3":0,"4":0,"5":0,"6":0,"7":2,"8":0,"9":0,"10":2},"b":{},"_coverageSchema":"1a1c01bbd47fc00a2c39e90264f33305004495a9","hash":"9b69c64ac84cf3aaa89584d3d1325d2c4a1eb61d"}
,"C:\\Users\\Siph9\\source\\repos\\LEARNIHON\\src\\model\\kanjiListByGrades.ts": {"path":"C:\\Users\\Siph9\\source\\repos\\LEARNIHON\\src\\model\\kanjiListByGrades.ts","statementMap":{"0":{"start":{"line":12,"column":36},"end":{"line":21,"column":1}},"1":{"start":{"line":13,"column":4},"end":{"line":20,"column":5}}},"fnMap":{"0":{"name":"(anonymous_0)","decl":{"start":{"line":12,"column":36},"end":{"line":12,"column":37}},"loc":{"start":{"line":12,"column":60},"end":{"line":21,"column":1}},"line":12}},"branchMap":{},"s":{"0":2,"1":6},"f":{"0":6},"b":{},"_coverageSchema":"1a1c01bbd47fc00a2c39e90264f33305004495a9","hash":"384b12c103536654c3581650565f7edb1563d400"}
,"C:\\Users\\Siph9\\source\\repos\\LEARNIHON\\src\\redux\\constants.ts": {"path":"C:\\Users\\Siph9\\source\\repos\\LEARNIHON\\src\\redux\\constants.ts","statementMap":{"0":{"start":{"line":1,"column":34},"end":{"line":1,"column":54}},"1":{"start":{"line":2,"column":26},"end":{"line":2,"column":38}},"2":{"start":{"line":3,"column":35},"end":{"line":3,"column":56}}},"fnMap":{},"branchMap":{},"s":{"0":2,"1":2,"2":2},"f":{},"b":{},"_coverageSchema":"1a1c01bbd47fc00a2c39e90264f33305004495a9","hash":"986b59c3d749bd310d07630f73d86bc39f707d42"}
,"C:\\Users\\Siph9\\source\\repos\\LEARNIHON\\src\\redux\\actions\\setKanjis.ts": {"path":"C:\\Users\\Siph9\\source\\repos\\LEARNIHON\\src\\redux\\actions\\setKanjis.ts","statementMap":{"0":{"start":{"line":4,"column":25},"end":{"line":9,"column":1}},"1":{"start":{"line":5,"column":4},"end":{"line":8,"column":6}}},"fnMap":{"0":{"name":"(anonymous_0)","decl":{"start":{"line":4,"column":25},"end":{"line":4,"column":26}},"loc":{"start":{"line":4,"column":55},"end":{"line":9,"column":1}},"line":4}},"branchMap":{},"s":{"0":1,"1":1},"f":{"0":1},"b":{},"_coverageSchema":"1a1c01bbd47fc00a2c39e90264f33305004495a9","hash":"083b4874fb5295281e5aef17beacb882e56ede35"}
,"C:\\Users\\Siph9\\source\\repos\\LEARNIHON\\src\\redux\\actions\\setPlaygroundList.ts": {"path":"C:\\Users\\Siph9\\source\\repos\\LEARNIHON\\src\\redux\\actions\\setPlaygroundList.ts","statementMap":{"0":{"start":{"line":4,"column":33},"end":{"line":10,"column":1}},"1":{"start":{"line":5,"column":4},"end":{"line":5,"column":23}},"2":{"start":{"line":6,"column":4},"end":{"line":9,"column":6}}},"fnMap":{"0":{"name":"(anonymous_0)","decl":{"start":{"line":4,"column":33},"end":{"line":4,"column":34}},"loc":{"start":{"line":4,"column":54},"end":{"line":10,"column":1}},"line":4}},"branchMap":{},"s":{"0":1,"1":1,"2":1},"f":{"0":1},"b":{},"_coverageSchema":"1a1c01bbd47fc00a2c39e90264f33305004495a9","hash":"3abc512331b7024983e4a54721a4b73ef6cf3310"}
,"C:\\Users\\Siph9\\source\\repos\\LEARNIHON\\src\\redux\\actions\\setSelectedKanji.ts": {"path":"C:\\Users\\Siph9\\source\\repos\\LEARNIHON\\src\\redux\\actions\\setSelectedKanji.ts","statementMap":{"0":{"start":{"line":4,"column":32},"end":{"line":9,"column":1}},"1":{"start":{"line":5,"column":4},"end":{"line":8,"column":6}}},"fnMap":{"0":{"name":"(anonymous_0)","decl":{"start":{"line":4,"column":32},"end":{"line":4,"column":33}},"loc":{"start":{"line":4,"column":50},"end":{"line":9,"column":1}},"line":4}},"branchMap":{},"s":{"0":1,"1":1},"f":{"0":1},"b":{},"_coverageSchema":"1a1c01bbd47fc00a2c39e90264f33305004495a9","hash":"d2bc019420af5115b5ed6e03b2067da7f37f92c8"}
,"C:\\Users\\Siph9\\source\\repos\\LEARNIHON\\src\\redux\\reducers\\kanjiReducer.ts": {"path":"C:\\Users\\Siph9\\source\\repos\\LEARNIHON\\src\\redux\\reducers\\kanjiReducer.ts","statementMap":{"0":{"start":{"line":4,"column":21},"end":{"line":8,"column":1}},"1":{"start":{"line":12,"column":4},"end":{"line":24,"column":5}},"2":{"start":{"line":15,"column":12},"end":{"line":15,"column":56}},"3":{"start":{"line":18,"column":12},"end":{"line":18,"column":63}},"4":{"start":{"line":21,"column":12},"end":{"line":21,"column":69}},"5":{"start":{"line":23,"column":12},"end":{"line":23,"column":25}}},"fnMap":{"0":{"name":"kanjiReducer","decl":{"start":{"line":11,"column":24},"end":{"line":11,"column":36}},"loc":{"start":{"line":11,"column":67},"end":{"line":25,"column":1}},"line":11}},"branchMap":{"0":{"loc":{"start":{"line":11,"column":37},"end":{"line":11,"column":57}},"type":"default-arg","locations":[{"start":{"line":11,"column":45},"end":{"line":11,"column":57}}],"line":11},"1":{"loc":{"start":{"line":12,"column":4},"end":{"line":24,"column":5}},"type":"switch","locations":[{"start":{"line":13,"column":8},"end":{"line":15,"column":56}},{"start":{"line":16,"column":8},"end":{"line":18,"column":63}},{"start":{"line":19,"column":8},"end":{"line":21,"column":69}},{"start":{"line":22,"column":8},"end":{"line":23,"column":25}}],"line":12}},"s":{"0":1,"1":4,"2":1,"3":1,"4":1,"5":1},"f":{"0":4},"b":{"0":[1],"1":[1,1,1,1]},"_coverageSchema":"1a1c01bbd47fc00a2c39e90264f33305004495a9","hash":"9254224497cfba067c499915e8bbda0be9787a6e"}
}
